0 info it worked if it ends with ok
1 verbose cli [ 'C:\\Program Files (x86)\\nodejs\\node.exe',
1 verbose cli   'C:\\Users\\tal\\AppData\\Roaming\\npm\\node_modules\\npm\\bin\\npm-cli.js',
1 verbose cli   'publish' ]
2 info using npm@3.8.3
3 info using node@v4.2.1
4 verbose publish [ '.' ]
5 silly cache add args [ '.', null ]
6 verbose cache add spec .
7 silly cache add parsed spec Result {
7 silly cache add   raw: '.',
7 silly cache add   scope: null,
7 silly cache add   name: null,
7 silly cache add   rawSpec: '.',
7 silly cache add   spec: 'C:\\Users\\tal\\AppData\\Local\\hain-user\\devplugins\\hain-plugin-teamcity',
7 silly cache add   type: 'directory' }
8 verbose addLocalDirectory C:\Users\tal\AppData\Roaming\npm-cache\hain-plugin-teamcity\1.0.0\package.tgz not in flight; packing
9 verbose correctMkdir C:\Users\tal\AppData\Roaming\npm-cache correctMkdir not in flight; initializing
10 info lifecycle hain-plugin-teamcity@1.0.0~prepublish: hain-plugin-teamcity@1.0.0
11 verbose lifecycle hain-plugin-teamcity@1.0.0~prepublish: unsafe-perm in lifecycle true
12 verbose lifecycle hain-plugin-teamcity@1.0.0~prepublish: PATH: C:\Users\tal\AppData\Roaming\npm\node_modules\npm\bin\node-gyp-bin;C:\Users\tal\AppData\Local\hain-user\devplugins\hain-plugin-teamcity\node_modules\.bin;C:\Program Files (x86)\nodejs;C:\Program Files\Java\jdk1.7.0_45\bin\javaw.exe;C:\Program Files\Common Files\Microsoft Shared\Microsoft Online Services;C:\Program Files (x86)\Common Files\Microsoft Shared\Microsoft Online Services;C:\Program Files (x86)\RSA SecurID Token Common;C:\WINDOWS\system32;C:\WINDOWS;C:\WINDOWS\System32\Wbem;C:\WINDOWS\System32\WindowsPowerShell\v1.0\;C:\Program Files (x86)\Windows Kits\8.1\Windows Performance Toolkit\;C:\Program Files\Microsoft SQL Server\110\Tools\Binn\;C:\Program Files (x86)\Microsoft SDKs\TypeScript\;C:\Program Files\TortoiseSVN\bin;C:\Program Files (x86)\Android\android-sdk\tools;C:\Program Files (x86)\Android\android-sdk\platform-tools;C:\tools\maven\apache-maven-3.0.5\bin;E:\RunShortcuts;C:\Program Files (x86)\Microsoft ASP.NET\ASP.NET Web Pages\v1.0\;C:\Program Files (x86)\Microsoft Team Foundation Server 2013 Power Tools\;C:\Program Files (x86)\Microsoft Team Foundation Server 2013 Power Tools\Best Practices Analyzer\;C:\Program Files\Java\jdk1.7.0_45\bin;E:\android testing\dex2jar-0.0.9.15\dex2jar-0.0.9.15;C:\Program Files (x86)\Microsoft SDKs\TypeScript\1.0\;E:\android testing\dex2jar-0.0.9.15\dex2jar-0.0.9.15;C:\Program Files\ADT\eclipse\plugins\org.apache.ant_1.8.3.v201301120609\bin;C:\Program Files\Microsoft\Web Platform Installer\;C:\Program Files (x86)\Microsoft SDKs\Azure\CLI\wbin;C:\Program Files (x86)\QuickTime\QTSystem\;C:\Program Files (x86)\Android\android-sdk\platform-tools;C:\Program Files\Microsoft SQL Server\120\Tools\Binn\;C:\Program Files (x86)\Git\cmd;C:\Program Files (x86)\GitExtensions\;C:\Program Files (x86)\Android\android-sdk;C:\Program Files (x86)\Android\android-sdk\tools;C:\Program Files (x86)\Android\android-sdk\platform-tools;C:\Program Files (x86)\Git\bin;C:\Program Files (x86)\nodejs\;C:\Program Files (x86)\Heroku\bin;C:\Program Files (x86)\git\cmd;C:\Program Files\NUnit-2.6.4\bin;C:\Program Files (x86)\SEGGER\JLink_V510f\;C:\Program Files (x86)\Nordic Semiconductor\nrf5x\bin\;C:\Program Files (x86)\Skype\Phone\;C:\Program Files\Microsoft DNX\Dnvm\;C:\Program Files (x86)\NSIS;C:\Python27\;C:\Users\tal\AppData\Local\Programs\Python\Python35-32\Scripts\;C:\Users\tal\AppData\Local\Programs\Python\Python35-32\;C:\Users\tal\.dnx\runtimes\dnx-clr-win-x86.1.0.0-rc1-update1\bin;C:\Users\tal\.dnx\bin;C:\Users\tal\AppData\Local\Code\bin;C:\Users\tal\AppData\Local\atom\bin;C:\Users\tal\AppData\Roaming\npm;C:\Users\tal\AppData\Roaming\flynn\bin;C:\Users\tal\AppData\Roaming\flynn\bin;C:\Program Files (x86)\Microsoft VS Code\bin
13 verbose lifecycle hain-plugin-teamcity@1.0.0~prepublish: CWD: C:\Users\tal\AppData\Local\hain-user\devplugins\hain-plugin-teamcity
14 silly lifecycle hain-plugin-teamcity@1.0.0~prepublish: Args: [ '/d /s /c', 'npm run compile' ]
15 silly lifecycle hain-plugin-teamcity@1.0.0~prepublish: Returned: code: 1  signal: null
16 info lifecycle hain-plugin-teamcity@1.0.0~prepublish: Failed to exec prepublish script
17 error addLocal Could not install C:\Users\tal\AppData\Local\hain-user\devplugins\hain-plugin-teamcity
18 verbose stack Error: hain-plugin-teamcity@1.0.0 prepublish: `npm run compile`
18 verbose stack Exit status 1
18 verbose stack     at EventEmitter.<anonymous> (C:\Users\tal\AppData\Roaming\npm\node_modules\npm\lib\utils\lifecycle.js:239:16)
18 verbose stack     at emitTwo (events.js:87:13)
18 verbose stack     at EventEmitter.emit (events.js:172:7)
18 verbose stack     at ChildProcess.<anonymous> (C:\Users\tal\AppData\Roaming\npm\node_modules\npm\lib\utils\spawn.js:24:14)
18 verbose stack     at emitTwo (events.js:87:13)
18 verbose stack     at ChildProcess.emit (events.js:172:7)
18 verbose stack     at maybeClose (internal/child_process.js:818:16)
18 verbose stack     at Process.ChildProcess._handle.onexit (internal/child_process.js:211:5)
19 verbose pkgid hain-plugin-teamcity@1.0.0
20 verbose cwd C:\Users\tal\AppData\Local\hain-user\devplugins\hain-plugin-teamcity
21 error Windows_NT 6.3.9600
22 error argv "C:\\Program Files (x86)\\nodejs\\node.exe" "C:\\Users\\tal\\AppData\\Roaming\\npm\\node_modules\\npm\\bin\\npm-cli.js" "publish"
23 error node v4.2.1
24 error npm  v3.8.3
25 error code ELIFECYCLE
26 error hain-plugin-teamcity@1.0.0 prepublish: `npm run compile`
26 error Exit status 1
27 error Failed at the hain-plugin-teamcity@1.0.0 prepublish script 'npm run compile'.
27 error Make sure you have the latest version of node.js and npm installed.
27 error If you do, this is most likely a problem with the hain-plugin-teamcity package,
27 error not with npm itself.
27 error Tell the author that this fails on your system:
27 error     npm run compile
27 error You can get information on how to open an issue for this project with:
27 error     npm bugs hain-plugin-teamcity
27 error Or if that isn't available, you can get their info via:
27 error     npm owner ls hain-plugin-teamcity
27 error There is likely additional logging output above.
28 verbose exit [ 1, true ]
